#
# A fatal error has been detected by the Java Runtime Environment:
#
#  SIGSEGV (0xb) at pc=0x00000001034d4e09, pid=1872, tid=9475
#
# JRE version: Java(TM) SE Runtime Environment (8.0_40-b27) (build 1.8.0_40-b27)
# Java VM: Java HotSpot(TM) 64-Bit Server VM (25.40-b25 mixed mode bsd-amd64 compressed oops)
# Problematic frame:
# V  [libjvm.dylib+0x1dee09]  ConstantPoolCacheEntry::is_interesting_method_entry(Klass*)+0x35
#
# Failed to write core dump. Core dumps have been disabled. To enable core dumping, try "ulimit -c unlimited" before starting Java again
#
# If you would like to submit a bug report, please visit:
#   http://bugreport.java.com/bugreport/crash.jsp
#

---------------  T H R E A D  ---------------

Current thread (0x00007ff9ca839000):  VMThread [stack: 0x00000001177f7000,0x00000001178f7000] [id=9475]

siginfo: si_signo: 11 (SIGSEGV), si_code: 1 (SEGV_MAPERR), si_addr: 0x000000000000001b

Registers:
RAX=0x000000000000000b, RBX=0x00000007c022ebb8, RCX=0x000000000000000d, RDX=0x00007ff9cd397b00
RSP=0x00000001178f6770, RBP=0x00000001178f6780, RSI=0x00000007c022ebb8, RDI=0x000000011faefca8
R8 =0x00000001178f68b7, R9 =0x000000012dabc258, R10=0x0000000000000001, R11=0x00007ff9cd397b00
R12=0x0000000121cdd6d8, R13=0x0000000000000000, R14=0x0000000121cdd6d8, R15=0x00007ff9cd397a90
RIP=0x00000001034d4e09, EFLAGS=0x0000000000010202, ERR=0x0000000000000004
  TRAPNO=0x000000000000000e

Top of Stack: (sp=0x00000001178f6770)
0x00000001178f6770:   000000000000000d 00007ff9cd397b00
0x00000001178f6780:   00000001178f67e0 00000001034d555d
0x00000001178f6790:   0000000121ced848 00000007c022ebb8
0x00000001178f67a0:   0000000121cdd6a8 00000001035a07fa
0x00000001178f67b0:   00000001178f68b7 00000007c0437428
0x00000001178f67c0:   00007ff9ca839000 0000000000000000
0x00000001178f67d0:   0000000121cdd448 00007ff9ca839000
0x00000001178f67e0:   00000001178f6900 000000010367be32
0x00000001178f67f0:   00000001178f69d0 000000000000000c
0x00000001178f6800:   0000000000000000 0000000000000000
0x00000001178f6810:   00000007c022ebb8 0000000000000000
0x00000001178f6820:   00000001178f6940 00000001035a1572
0x00000001178f6830:   00007ff9ca839000 000000010000000e
0x00000001178f6840:   0000000126e6c428 00007ff9ca839000
0x00000001178f6850:   0000000000000000 0000000700000000
0x00000001178f6860:   0000000000000000 0000000121ced848
0x00000001178f6870:   00007ff9ca839000 00007ff9ca839000
0x00000001178f6880:   00007ff9ca428020 00007ff9ca428060
0x00000001178f6890:   00007ff9ca428070 00007ff9ca428148
0x00000001178f68a0:   00000000000000d8 00000001178f6a20
0x00000001178f68b0:   00007ff9cd397dd0 0000000000000018
0x00000001178f68c0:   00000001178f6940 0000000121cdd448
0x00000001178f68d0:   0000000121cdd448 00000007c0437428
0x00000001178f68e0:   0000000000000000 0000000000000000
0x00000001178f68f0:   00000001178f69d0 0000000000000000
0x00000001178f6900:   00000001178f6920 000000010347dd2c
0x00000001178f6910:   00007ff9ccbcac80 00000001178f69d0
0x00000001178f6920:   00000001178f6940 000000010347df4f
0x00000001178f6930:   00000007c04bebb8 00000007c022ebb8
0x00000001178f6940:   00000001178f6a80 000000010367e098
0x00000001178f6950:   0000000126e6c428 0000000780474640
0x00000001178f6960:   00007ff9ca839000 000000011958b960 

Instructions: (pc=0x00000001034d4e09)
0x00000001034d4de9:   49 89 fe 49 8b 46 18 a9 00 00 10 00 74 06 4d 8b
0x00000001034d4df9:   76 10 eb 17 49 8b 7e 08 48 85 ff 74 43 48 8b 07
0x00000001034d4e09:   ff 50 10 84 c0 74 39 4d 8b 76 08 4d 85 f6 74 30
0x00000001034d4e19:   49 8b 06 4c 89 f7 ff 50 10 84 c0 74 23 48 85 db 

Register to memory mapping:

RAX=0x000000000000000b is an unknown value
RBX=0x00000007c022ebb8 is pointing into metadata
RCX=0x000000000000000d is an unknown value
RDX=0x00007ff9cd397b00 is an unknown value
RSP=0x00000001178f6770 is an unknown value
RBP=0x00000001178f6780 is an unknown value
RSI=0x00000007c022ebb8 is pointing into metadata
RDI=0x000000011faefca8 is pointing into metadata
R8 =0x00000001178f68b7 is an unknown value
R9 =0x000000012dabc258 is pointing into metadata
R10=0x0000000000000001 is an unknown value
R11=0x00007ff9cd397b00 is an unknown value
R12=0x0000000121cdd6d8 is pointing into metadata
R13=0x0000000000000000 is an unknown value
R14=0x0000000121cdd6d8 is pointing into metadata
R15=0x00007ff9cd397a90 is an unknown value


Stack: [0x00000001177f7000,0x00000001178f7000],  sp=0x00000001178f6770,  free space=1021k
Native frames: (J=compiled Java code, j=interpreted, Vv=VM code, C=native code)
V  [libjvm.dylib+0x1dee09]  ConstantPoolCacheEntry::is_interesting_method_entry(Klass*)+0x35
V  [libjvm.dylib+0x1df55d]  ConstantPoolCache::adjust_method_entries(Method**, Method**, int, bool*)+0x57
V  [libjvm.dylib+0x385e32]  VM_RedefineClasses::AdjustCpoolCacheAndVtable::do_klass(Klass*)+0x2d2
V  [libjvm.dylib+0x187d2c]  ClassLoaderData::classes_do(KlassClosure*)+0x1e
V  [libjvm.dylib+0x187f4f]  ClassLoaderDataGraph::classes_do(KlassClosure*)+0x21
V  [libjvm.dylib+0x388098]  VM_RedefineClasses::redefine_single_class(_jclass*, Klass*, Thread*)+0x406
V  [libjvm.dylib+0x38616a]  VM_RedefineClasses::doit()+0x110
V  [libjvm.dylib+0x595f7d]  VM_Operation::evaluate()+0x4f
V  [libjvm.dylib+0x5945e9]  VMThread::evaluate_operation(VM_Operation*)+0xdf
V  [libjvm.dylib+0x594a36]  VMThread::loop()+0x328
V  [libjvm.dylib+0x594355]  VMThread::run()+0x79
V  [libjvm.dylib+0x46ea8e]  java_start(Thread*)+0xf6
C  [libsystem_pthread.dylib+0x3268]  _pthread_body+0x83
C  [libsystem_pthread.dylib+0x31e5]  _pthread_body+0x0
C  [libsystem_pthread.dylib+0x141d]  thread_start+0xd

VM_Operation (0x000000011958b960): RedefineClasses, mode: safepoint, requested by thread 0x00007ff9ca863800


---------------  P R O C E S S  ---------------

Java Threads: ( => current thread )
  0x00007ff9cd3ae000 JavaThread "Keep-Alive-Timer" daemon [_thread_blocked, id=28943, stack(0x00000001259c5000,0x0000000125ac5000)]
  0x00007ff9ce0d2800 JavaThread "Watchdog-Timer-1" daemon [_thread_blocked, id=50559, stack(0x0000000128031000,0x0000000128131000)]
  0x00007ff9cb511000 JavaThread "Disposer" daemon [_thread_blocked, id=22839, stack(0x0000000127cae000,0x0000000127dae000)]
  0x00007ff9ce0db800 JavaThread "pool-1-thread-high-20" daemon [_thread_blocked, id=57111, stack(0x00000001275d3000,0x00000001276d3000)]
  0x00007ff9ce306000 JavaThread "pool-1-thread-high-19" daemon [_thread_blocked, id=53847, stack(0x0000000117b2b000,0x0000000117c2b000)]
  0x00007ff9ce0e3800 JavaThread "pool-1-thread-high-18" daemon [_thread_blocked, id=54623, stack(0x00000001276d6000,0x00000001277d6000)]
  0x00007ff9ce1f3800 JavaThread "pool-1-thread-high-17" daemon [_thread_blocked, id=51795, stack(0x000000012733c000,0x000000012743c000)]
  0x00007ff9cb1b8000 JavaThread "pool-1-thread-high-16" daemon [_thread_blocked, id=72707, stack(0x0000000126d09000,0x0000000126e09000)]
  0x00007ff9cafaa800 JavaThread "pool-1-thread-high-15" daemon [_thread_blocked, id=72195, stack(0x0000000126c06000,0x0000000126d06000)]
  0x00007ff9caf56000 JavaThread "pool-1-thread-high-14" daemon [_thread_blocked, id=71683, stack(0x0000000126b03000,0x0000000126c03000)]
  0x00007ff9caf55800 JavaThread "pool-1-thread-high-13" daemon [_thread_blocked, id=71171, stack(0x0000000126a00000,0x0000000126b00000)]
  0x00007ff9caf54800 JavaThread "pool-1-thread-high-12" daemon [_thread_blocked, id=70659, stack(0x00000001268fd000,0x00000001269fd000)]
  0x00007ff9cb1b7000 JavaThread "pool-1-thread-high-11" daemon [_thread_blocked, id=70147, stack(0x00000001267fa000,0x00000001268fa000)]
  0x00007ff9cb1c3800 JavaThread "pool-1-thread-high-10" daemon [_thread_blocked, id=69635, stack(0x00000001266f7000,0x00000001267f7000)]
  0x00007ff9cacb5800 JavaThread "pool-1-thread-high-9" daemon [_thread_blocked, id=69127, stack(0x00000001265f4000,0x00000001266f4000)]
  0x00007ff9cb1c3000 JavaThread "pool-1-thread-high-8" daemon [_thread_blocked, id=68871, stack(0x00000001264f1000,0x00000001265f1000)]
  0x00007ff9cacb4800 JavaThread "pool-1-thread-high-7" daemon [_thread_blocked, id=68619, stack(0x00000001263ee000,0x00000001264ee000)]
  0x00007ff9cdbbf800 JavaThread "pool-1-thread-high-6" daemon [_thread_blocked, id=66835, stack(0x00000001262eb000,0x00000001263eb000)]
  0x00007ff9cd3d3800 JavaThread "pool-1-thread-high-5" daemon [_thread_blocked, id=67359, stack(0x0000000125e6d000,0x0000000125f6d000)]
  0x00007ff9caf74800 JavaThread "pool-1-thread-high-4" daemon [_thread_blocked, id=67115, stack(0x0000000125342000,0x0000000125442000)]
  0x00007ff9cd944800 JavaThread "pool-1-thread-high-3" daemon [_thread_blocked, id=66051, stack(0x00000001232f2000,0x00000001233f2000)]
  0x00007ff9cd944000 JavaThread "pool-2-thread-low-10" daemon [_thread_blocked, id=65539, stack(0x00000001231ef000,0x00000001232ef000)]
  0x00007ff9cd943000 JavaThread "pool-2-thread-low-9" daemon [_thread_blocked, id=65035, stack(0x00000001230ec000,0x00000001231ec000)]
  0x00007ff9cd1c6800 JavaThread "pool-2-thread-low-8" daemon [_thread_blocked, id=64003, stack(0x0000000122ee6000,0x0000000122fe6000)]
  0x00007ff9caaaf800 JavaThread "pool-2-thread-low-7" daemon [_thread_blocked, id=63491, stack(0x0000000122de3000,0x0000000122ee3000)]
  0x00007ff9caaaf000 JavaThread "pool-2-thread-low-6" daemon [_thread_blocked, id=62979, stack(0x0000000122ce0000,0x0000000122de0000)]
  0x00007ff9caaae000 JavaThread "pool-2-thread-low-5" daemon [_thread_blocked, id=62467, stack(0x0000000122bdd000,0x0000000122cdd000)]
  0x00007ff9caaad800 JavaThread "pool-2-thread-low-4" daemon [_thread_blocked, id=61711, stack(0x0000000122ada000,0x0000000122bda000)]
  0x00007ff9cd1c5800 JavaThread "pool-2-thread-low-3" daemon [_thread_blocked, id=61475, stack(0x00000001229d7000,0x0000000122ad7000)]
  0x00007ff9cd8c0000 JavaThread "pool-2-thread-low-2" daemon [_thread_blocked, id=57355, stack(0x00000001228d4000,0x00000001229d4000)]
  0x00007ff9cb7cc800 JavaThread "pool-1-thread-high-2" daemon [_thread_blocked, id=59919, stack(0x0000000120c42000,0x0000000120d42000)]
  0x00007ff9cb73f000 JavaThread "Prism Font Disposer" daemon [_thread_blocked, id=57859, stack(0x0000000120a9f000,0x0000000120b9f000)]
  0x00007ff9cb5e6000 JavaThread "pool-1-thread-high-1" daemon [_thread_blocked, id=56579, stack(0x000000012010d000,0x000000012020d000)]
  0x00007ff9cb475000 JavaThread "Timer-1" daemon [_thread_blocked, id=56071, stack(0x000000011fc0a000,0x000000011fd0a000)]
  0x00007ff9cad05800 JavaThread "pool-2-thread-low-1" daemon [_thread_blocked, id=55555, stack(0x000000011d82f000,0x000000011d92f000)]
  0x00007ff9cab83000 JavaThread "Timer-0" daemon [_thread_blocked, id=51227, stack(0x000000011f274000,0x000000011f374000)]
  0x00007ff9cabd2000 JavaThread "JavaFX-Launcher" [_thread_blocked, id=47623, stack(0x000000011dc01000,0x000000011dd01000)]
  0x00007ff9caa47000 JavaThread "Thread-3" daemon [_thread_blocked, id=35335, stack(0x000000011c4be000,0x000000011c53e000)]
  0x00007ff9ca9e1000 JavaThread "JavaFX Application Thread" [_thread_in_native, id=1811, stack(0x00007fff5c209000,0x00007fff5ca09000)]
  0x00007ff9ca9e0000 JavaThread "Thread-1" daemon [_thread_blocked, id=23811, stack(0x000000011a7b3000,0x000000011a8b3000)]
  0x00007ff9cb21d000 JavaThread "QuantumRenderer-0" daemon [_thread_blocked, id=18691, stack(0x0000000119c39000,0x0000000119d39000)]
  0x00007ff9ca85e800 JavaThread "Service Thread" daemon [_thread_blocked, id=17667, stack(0x000000011999b000,0x0000000119a9b000)]
  0x00007ff9cb05d800 JavaThread "C1 CompilerThread1" daemon [_thread_blocked, id=17155, stack(0x0000000119898000,0x0000000119998000)]
  0x00007ff9ca865000 JavaThread "C2 CompilerThread0" daemon [_thread_blocked, id=16643, stack(0x0000000119795000,0x0000000119895000)]
  0x00007ff9ca854000 JavaThread "JDWP Command Reader" daemon [_thread_in_native, id=16131, stack(0x0000000119692000,0x0000000119792000)]
  0x00007ff9ca864000 JavaThread "JDWP Event Helper Thread" daemon [_thread_blocked, id=15619, stack(0x000000011958f000,0x000000011968f000)]
  0x00007ff9ca863800 JavaThread "JDWP Transport Listener: dt_socket" daemon [_thread_blocked, id=15107, stack(0x000000011948c000,0x000000011958c000)]
  0x00007ff9cb049800 JavaThread "Signal Dispatcher" daemon [_thread_blocked, id=14623, stack(0x0000000119382000,0x0000000119482000)]
  0x00007ff9cb044800 JavaThread "Finalizer" daemon [_thread_blocked, id=10499, stack(0x00000001179fd000,0x0000000117afd000)]
  0x00007ff9cb03e000 JavaThread "Reference Handler" daemon [_thread_blocked, id=9987, stack(0x00000001178fa000,0x00000001179fa000)]
  0x00007ff9ca812800 JavaThread "main" [_thread_blocked, id=4867, stack(0x0000000104277000,0x0000000104377000)]

Other Threads:
=>0x00007ff9ca839000 VMThread [stack: 0x00000001177f7000,0x00000001178f7000] [id=9475]
  0x00007ff9ca8b8800 WatcherThread [stack: 0x0000000119a9e000,0x0000000119b9e000] [id=18179]

VM state:at safepoint (normal execution)

VM Mutex/Monitor currently owned by a thread:  ([mutex/lock_event])
[0x00007ff9ca5022a0] Threads_lock - owner thread: 0x00007ff9ca839000

Heap:
 PSYoungGen      total 130560K, used 86822K [0x00000007aab00000, 0x00000007b3f00000, 0x00000007c0000000)
  eden space 112640K, 64% used [0x00000007aab00000,0x00000007af22ccb0,0x00000007b1900000)
  from space 17920K, 77% used [0x00000007b2d00000,0x00000007b3a9ccd0,0x00000007b3e80000)
  to   space 19456K, 0% used [0x00000007b1900000,0x00000007b1900000,0x00000007b2c00000)
 ParOldGen       total 76288K, used 33668K [0x0000000780000000, 0x0000000784a80000, 0x00000007aab00000)
  object space 76288K, 44% used [0x0000000780000000,0x00000007820e1090,0x0000000784a80000)
 Metaspace       used 34125K, capacity 35820K, committed 35968K, reserved 1081344K
  class space    used 4632K, capacity 4944K, committed 4992K, reserved 1048576K

Card table byte_map: [0x0000000113c0b000,0x0000000113e0c000] byte_map_base: 0x000000011000b000

Marking Bits: (ParMarkBitMap*) 0x0000000103bb87a0
 Begin Bits: [0x0000000114168000, 0x0000000115168000)
 End Bits:   [0x0000000115168000, 0x0000000116168000)

Polling page: 0x00000001043bc000

CodeCache: size=245760Kb used=15978Kb max_used=15982Kb free=229781Kb
 bounds [0x000000010484b000, 0x000000010580b000, 0x000000011384b000]
 total_blobs=6004 nmethods=5222 adapters=704
 compilation: enabled

Compilation events (10 events):
Event: 276.284 Thread 0x00007ff9cb05d800 7201       3       com.google.api.client.http.javanet.NetHttpResponse$SizeValidatingInputStream::read (40 bytes)
Event: 276.284 Thread 0x00007ff9cb05d800 nmethod 7201 0x00000001051f8110 code [0x00000001051f82a0, 0x00000001051f8598]
Event: 281.271 Thread 0x00007ff9cb05d800 7202       3       sun.net.www.protocol.http.HttpURLConnection::filterHeaderField (164 bytes)
Event: 281.276 Thread 0x00007ff9cb05d800 nmethod 7202 0x000000010565ac90 code [0x000000010565af80, 0x000000010565c778]
Event: 284.948 Thread 0x00007ff9ca865000 7203       4       java.lang.Object::wait (6 bytes)
Event: 284.953 Thread 0x00007ff9ca865000 nmethod 7203 0x0000000105559610 code [0x0000000105559760, 0x00000001055597e8]
Event: 286.286 Thread 0x00007ff9cb05d800 7204 %     3       sun.net.www.MessageHeader::filterNTLMResponses @ 4 (200 bytes)
Event: 286.287 Thread 0x00007ff9cb05d800 nmethod 7204% 0x00000001052cf210 code [0x00000001052cf460, 0x00000001052d03f8]
Event: 286.287 Thread 0x00007ff9cb05d800 7205       3       com.google.api.client.http.HttpResponse::getHeaders (8 bytes)
Event: 286.288 Thread 0x00007ff9cb05d800 nmethod 7205 0x00000001051fa410 code [0x00000001051fa580, 0x00000001051fa770]

GC Heap History (10 events):
Event: 18.845 GC heap before
{Heap before GC invocations=8 (full 1):
 PSYoungGen      total 58880K, used 58718K [0x00000007aab00000, 0x00000007af580000, 0x00000007c0000000)
  eden space 54784K, 100% used [0x00000007aab00000,0x00000007ae080000,0x00000007ae080000)
  from space 4096K, 96% used [0x00000007af180000,0x00000007af557a10,0x00000007af580000)
  to   space 6144K, 0% used [0x00000007ae980000,0x00000007ae980000,0x00000007aef80000)
 ParOldGen       total 33280K, used 6858K [0x0000000780000000, 0x0000000782080000, 0x00000007aab00000)
  object space 33280K, 20% used [0x0000000780000000,0x00000007806b2ae0,0x0000000782080000)
 Metaspace       used 28529K, capacity 29928K, committed 30080K, reserved 1075200K
  class space    used 4067K, capacity 4356K, committed 4480K, reserved 1048576K
Event: 19.027 GC heap after
Heap after GC invocations=8 (full 1):
 PSYoungGen      total 70144K, used 6142K [0x00000007aab00000, 0x00000007b1f80000, 0x00000007c0000000)
  eden space 64000K, 0% used [0x00000007aab00000,0x00000007aab00000,0x00000007ae980000)
  from space 6144K, 99% used [0x00000007ae980000,0x00000007aef7fa30,0x00000007aef80000)
  to   space 12288K, 0% used [0x00000007b1380000,0x00000007b1380000,0x00000007b1f80000)
 ParOldGen       total 33280K, used 16800K [0x0000000780000000, 0x0000000782080000, 0x00000007aab00000)
  object space 33280K, 50% used [0x0000000780000000,0x0000000781068250,0x0000000782080000)
 Metaspace       used 28529K, capacity 29928K, committed 30080K, reserved 1075200K
  class space    used 4067K, capacity 4356K, committed 4480K, reserved 1048576K
}
Event: 53.081 GC heap before
{Heap before GC invocations=9 (full 1):
 PSYoungGen      total 70144K, used 70142K [0x00000007aab00000, 0x00000007b1f80000, 0x00000007c0000000)
  eden space 64000K, 100% used [0x00000007aab00000,0x00000007ae980000,0x00000007ae980000)
  from space 6144K, 99% used [0x00000007ae980000,0x00000007aef7fa30,0x00000007aef80000)
  to   space 12288K, 0% used [0x00000007b1380000,0x00000007b1380000,0x00000007b1f80000)
 ParOldGen       total 33280K, used 16800K [0x0000000780000000, 0x0000000782080000, 0x00000007aab00000)
  object space 33280K, 50% used [0x0000000780000000,0x0000000781068250,0x0000000782080000)
 Metaspace       used 30291K, capacity 31824K, committed 32000K, reserved 1077248K
  class space    used 4227K, capacity 4552K, committed 4608K, reserved 1048576K
Event: 54.050 GC heap after
Heap after GC invocations=9 (full 1):
 PSYoungGen      total 101376K, used 12261K [0x00000007aab00000, 0x00000007b3a80000, 0x00000007c0000000)
  eden space 89088K, 0% used [0x00000007aab00000,0x00000007aab00000,0x00000007b0200000)
  from space 12288K, 99% used [0x00000007b1380000,0x00000007b1f795b0,0x00000007b1f80000)
  to   space 17920K, 0% used [0x00000007b0200000,0x00000007b0200000,0x00000007b1380000)
 ParOldGen       total 33280K, used 25210K [0x0000000780000000, 0x0000000782080000, 0x00000007aab00000)
  object space 33280K, 75% used [0x0000000780000000,0x000000078189e908,0x0000000782080000)
 Metaspace       used 30291K, capacity 31824K, committed 32000K, reserved 1077248K
  class space    used 4227K, capacity 4552K, committed 4608K, reserved 1048576K
}
Event: 54.051 GC heap before
{Heap before GC invocations=10 (full 2):
 PSYoungGen      total 101376K, used 12261K [0x00000007aab00000, 0x00000007b3a80000, 0x00000007c0000000)
  eden space 89088K, 0% used [0x00000007aab00000,0x00000007aab00000,0x00000007b0200000)
  from space 12288K, 99% used [0x00000007b1380000,0x00000007b1f795b0,0x00000007b1f80000)
  to   space 17920K, 0% used [0x00000007b0200000,0x00000007b0200000,0x00000007b1380000)
 ParOldGen       total 33280K, used 25210K [0x0000000780000000, 0x0000000782080000, 0x00000007aab00000)
  object space 33280K, 75% used [0x0000000780000000,0x000000078189e908,0x0000000782080000)
 Metaspace       used 30291K, capacity 31824K, committed 32000K, reserved 1077248K
  class space    used 4227K, capacity 4552K, committed 4608K, reserved 1048576K
Event: 55.552 GC heap after
Heap after GC invocations=10 (full 2):
 PSYoungGen      total 101376K, used 1869K [0x00000007aab00000, 0x00000007b3a80000, 0x00000007c0000000)
  eden space 89088K, 0% used [0x00000007aab00000,0x00000007aab00000,0x00000007b0200000)
  from space 12288K, 15% used [0x00000007b1380000,0x00000007b1553658,0x00000007b1f80000)
  to   space 17920K, 0% used [0x00000007b0200000,0x00000007b0200000,0x00000007b1380000)
 ParOldGen       total 76288K, used 33227K [0x0000000780000000, 0x0000000784a80000, 0x00000007aab00000)
  object space 76288K, 43% used [0x0000000780000000,0x0000000782072f90,0x0000000784a80000)
 Metaspace       used 30291K, capacity 31824K, committed 32000K, reserved 1077248K
  class space    used 4227K, capacity 4552K, committed 4608K, reserved 1048576K
}
Event: 90.160 GC heap before
{Heap before GC invocations=11 (full 2):
 PSYoungGen      total 101376K, used 90926K [0x00000007aab00000, 0x00000007b3a80000, 0x00000007c0000000)
  eden space 89088K, 99% used [0x00000007aab00000,0x00000007b01f8530,0x00000007b0200000)
  from space 12288K, 15% used [0x00000007b1380000,0x00000007b1553658,0x00000007b1f80000)
  to   space 17920K, 0% used [0x00000007b0200000,0x00000007b0200000,0x00000007b1380000)
 ParOldGen       total 76288K, used 33227K [0x0000000780000000, 0x0000000784a80000, 0x00000007aab00000)
  object space 76288K, 43% used [0x0000000780000000,0x0000000782072f90,0x0000000784a80000)
 Metaspace       used 32922K, capacity 34566K, committed 34688K, reserved 1079296K
  class space    used 4573K, capacity 4881K, committed 4992K, reserved 1048576K
Event: 90.394 GC heap after
Heap after GC invocations=11 (full 2):
 PSYoungGen      total 107008K, used 10985K [0x00000007aab00000, 0x00000007b3e80000, 0x00000007c0000000)
  eden space 89088K, 0% used [0x00000007aab00000,0x00000007aab00000,0x00000007b0200000)
  from space 17920K, 61% used [0x00000007b0200000,0x00000007b0cba540,0x00000007b1380000)
  to   space 17920K, 0% used [0x00000007b2d00000,0x00000007b2d00000,0x00000007b3e80000)
 ParOldGen       total 76288K, used 33458K [0x0000000780000000, 0x0000000784a80000, 0x00000007aab00000)
  object space 76288K, 43% used [0x0000000780000000,0x00000007820ac9b0,0x0000000784a80000)
 Metaspace       used 32922K, capacity 34566K, committed 34688K, reserved 1079296K
  class space    used 4573K, capacity 4881K, committed 4992K, reserved 1048576K
}
Event: 148.159 GC heap before
{Heap before GC invocations=12 (full 2):
 PSYoungGen      total 107008K, used 100073K [0x00000007aab00000, 0x00000007b3e80000, 0x00000007c0000000)
  eden space 89088K, 100% used [0x00000007aab00000,0x00000007b0200000,0x00000007b0200000)
  from space 17920K, 61% used [0x00000007b0200000,0x00000007b0cba540,0x00000007b1380000)
  to   space 17920K, 0% used [0x00000007b2d00000,0x00000007b2d00000,0x00000007b3e80000)
 ParOldGen       total 76288K, used 33458K [0x0000000780000000, 0x0000000784a80000, 0x00000007aab00000)
  object space 76288K, 43% used [0x0000000780000000,0x00000007820ac9b0,0x0000000784a80000)
 Metaspace       used 33902K, capacity 35610K, committed 35712K, reserved 1079296K
  class space    used 4629K, capacity 4941K, committed 4992K, reserved 1048576K
Event: 148.432 GC heap after
Heap after GC invocations=12 (full 2):
 PSYoungGen      total 130560K, used 13939K [0x00000007aab00000, 0x00000007b3f00000, 0x00000007c0000000)
  eden space 112640K, 0% used [0x00000007aab00000,0x00000007aab00000,0x00000007b1900000)
  from space 17920K, 77% used [0x00000007b2d00000,0x00000007b3a9ccd0,0x00000007b3e80000)
  to   space 19456K, 0% used [0x00000007b1900000,0x00000007b1900000,0x00000007b2c00000)
 ParOldGen       total 76288K, used 33668K [0x0000000780000000, 0x0000000784a80000, 0x00000007aab00000)
  object space 76288K, 44% used [0x0000000780000000,0x00000007820e1090,0x0000000784a80000)
 Metaspace       used 33902K, capacity 35610K, committed 35712K, reserved 1079296K
  class space    used 4629K, capacity 4941K, committed 4992K, reserved 1048576K
}

Deoptimization events (10 events):
Event: 221.313 Thread 0x00007ff9ca9e1000 Uncommon trap: reason=class_check action=maybe_recompile pc=0x0000000105691ebc method=javafx.scene.Node$MiscProperties.getEffect()Ljavafx/scene/effect/Effect; @ 20
Event: 221.313 Thread 0x00007ff9ca9e1000 Uncommon trap: reason=class_check action=maybe_recompile pc=0x000000010548caf0 method=com.sun.javafx.css.StyleMap.getCascadingStyles()Ljava/util/Map; @ 77
Event: 221.317 Thread 0x00007ff9ca9e1000 Uncommon trap: reason=class_check action=maybe_recompile pc=0x0000000105691ebc method=javafx.scene.Node$MiscProperties.getEffect()Ljavafx/scene/effect/Effect; @ 20
Event: 221.345 Thread 0x00007ff9ca9e1000 Uncommon trap: reason=class_check action=maybe_recompile pc=0x0000000105691ebc method=javafx.scene.Node$MiscProperties.getEffect()Ljavafx/scene/effect/Effect; @ 20
Event: 221.346 Thread 0x00007ff9ca9e1000 Uncommon trap: reason=class_check action=maybe_recompile pc=0x000000010548caf0 method=com.sun.javafx.css.StyleMap.getCascadingStyles()Ljava/util/Map; @ 77
Event: 221.405 Thread 0x00007ff9ca9e1000 Uncommon trap: reason=unstable_if action=reinterpret pc=0x000000010505d374 method=javafx.stage.Window$TKBoundsConfigurator.apply()V @ 4
Event: 221.467 Thread 0x00007ff9ca9e1000 Uncommon trap: reason=unstable_if action=reinterpret pc=0x00000001050e79b8 method=javafx.stage.Window$TKBoundsConfigurator.apply()V @ 4
Event: 221.467 Thread 0x00007ff9ca9e1000 Uncommon trap: reason=unstable_if action=reinterpret pc=0x0000000105729a14 method=javafx.scene.Scene$ScenePulseListener.pulse()V @ 24
Event: 225.817 Thread 0x00007ff9ca9e1000 Uncommon trap: reason=class_check action=maybe_recompile pc=0x000000010548caf0 method=com.sun.javafx.css.StyleMap.getCascadingStyles()Ljava/util/Map; @ 77
Event: 225.818 Thread 0x00007ff9ca9e1000 Uncommon trap: reason=class_check action=maybe_recompile pc=0x000000010548caf0 method=com.sun.javafx.css.StyleMap.getCascadingStyles()Ljava/util/Map; @ 77

Internal exceptions (10 events):
Event: 91.355 Thread 0x00007ff9ca9e1000 Exception <a 'java/io/FileNotFoundException'> (0x00000007ab124720) thrown at [/Users/java_re/workspace/8-2-build-macosx-x86_64/jdk8u40/3153/hotspot/src/share/vm/prims/jni.cpp, line 709]
Event: 92.081 Thread 0x00007ff9ce8c9800 Exception <a 'java/io/IOException': Improper call to JPEG library in state 200> (0x00000007abe04f48) thrown at [/Users/java_re/workspace/8-2-build-macosx-x86_64/jdk8u40/3153/hotspot/src/share/vm/prims/jni.cpp, line 735]
Event: 92.103 Thread 0x00007ff9cea78000 Exception <a 'java/io/IOException': Bogus Huffman table definition> (0x00000007abe154f8) thrown at [/Users/java_re/workspace/8-2-build-macosx-x86_64/jdk8u40/3153/hotspot/src/share/vm/prims/jni.cpp, line 735]
Event: 113.003 Thread 0x00007ff9cb1b8000 Exception <a 'java/net/SocketTimeoutException': Read timed out> (0x00000007aeac95d8) thrown at [/Users/java_re/workspace/8-2-build-macosx-x86_64/jdk8u40/3153/hotspot/src/share/vm/prims/jni.cpp, line 735]
Event: 147.927 Thread 0x00007ff9ca9e1000 Exception <a 'sun/nio/fs/UnixException'> (0x00000007afff5910) thrown at [/Users/java_re/workspace/8-2-build-macosx-x86_64/jdk8u40/3153/hotspot/src/share/vm/prims/jni.cpp, line 709]
Event: 147.938 Thread 0x00007ff9ca9e1000 Exception <a 'sun/nio/fs/UnixException'> (0x00000007afff6f18) thrown at [/Users/java_re/workspace/8-2-build-macosx-x86_64/jdk8u40/3153/hotspot/src/share/vm/prims/jni.cpp, line 709]
Event: 148.634 Thread 0x00007ff9cacb4800 Exception <a 'java/net/SocketTimeoutException': Read timed out> (0x00000007aad504a0) thrown at [/Users/java_re/workspace/8-2-build-macosx-x86_64/jdk8u40/3153/hotspot/src/share/vm/prims/jni.cpp, line 735]
Event: 221.309 Thread 0x00007ff9ca9e1000 Implicit null exception at 0x000000010556e23c to 0x0000000105578d7d
Event: 226.643 Thread 0x00007ff9cb1b7000 Exception <a 'java/net/SocketTimeoutException': Read timed out> (0x00000007ad836040) thrown at [/Users/java_re/workspace/8-2-build-macosx-x86_64/jdk8u40/3153/hotspot/src/share/vm/prims/jni.cpp, line 735]
Event: 227.152 Thread 0x00007ff9cd3d3800 Exception <a 'java/net/SocketTimeoutException': Read timed out> (0x00000007ade5a810) thrown at [/Users/java_re/workspace/8-2-build-macosx-x86_64/jdk8u40/3153/hotspot/src/share/vm/prims/jni.cpp, line 735]

Events (10 events):
Event: 276.272 Thread 0x00007ff9cb475000 DEOPT UNPACKING pc=0x0000000104891f73 sp=0x000000011fd08ad0 mode 1
Event: 281.270 Thread 0x00007ff9cb475000 DEOPT PACKING pc=0x0000000105596ccc sp=0x000000011fd08810
Event: 281.270 Thread 0x00007ff9cb475000 DEOPT UNPACKING pc=0x0000000104891f73 sp=0x000000011fd086a8 mode 1
Event: 281.271 Thread 0x00007ff9cb475000 DEOPT PACKING pc=0x00000001057d7e24 sp=0x000000011fd08a00
Event: 281.271 Thread 0x00007ff9cb475000 DEOPT UNPACKING pc=0x0000000104891f73 sp=0x000000011fd08ad0 mode 1
Event: 286.286 Thread 0x00007ff9cb475000 DEOPT PACKING pc=0x0000000105596ccc sp=0x000000011fd08810
Event: 286.286 Thread 0x00007ff9cb475000 DEOPT UNPACKING pc=0x0000000104891f73 sp=0x000000011fd086a8 mode 1
Event: 286.286 Thread 0x00007ff9cb475000 DEOPT PACKING pc=0x00000001057d7e24 sp=0x000000011fd08a00
Event: 286.286 Thread 0x00007ff9cb475000 DEOPT UNPACKING pc=0x0000000104891f73 sp=0x000000011fd08ad0 mode 1
Event: 290.816 Executing VM operation: RedefineClasses


Dynamic libraries:
0x000000000d5d2000 	/System/Library/Frameworks/Cocoa.framework/Versions/A/Cocoa
0x000000000d5d2000 	/System/Library/Frameworks/Security.framework/Versions/A/Security
0x000000000d5d2000 	/System/Library/Frameworks/ApplicationServices.framework/Versions/A/ApplicationServices
0x000000000d5d2000 	/usr/lib/libz.1.dylib
0x000000000d5d2000 	/usr/lib/libSystem.B.dylib
0x000000000d5d2000 	/usr/lib/libobjc.A.dylib
0x000000000d5d2000 	/System/Library/Frameworks/CoreFoundation.framework/Versions/A/CoreFoundation
0x000000000d5d2000 	/System/Library/Frameworks/Foundation.framework/Versions/C/Foundation
0x000000000d5d2000 	/System/Library/Frameworks/AppKit.framework/Versions/C/AppKit
0x000000000d5d2000 	/System/Library/Frameworks/CoreData.framework/Versions/A/CoreData
0x000000000d5d2000 	/System/Library/PrivateFrameworks/RemoteViewServices.framework/Versions/A/RemoteViewServices
0x000000000d5d2000 	/System/Library/PrivateFrameworks/UIFoundation.framework/Versions/A/UIFoundation
0x000000000d5d2000 	/System/Library/Frameworks/IOSurface.framework/Versions/A/IOSurface
0x000000000d5d2000 	/System/Library/Frameworks/AudioToolbox.framework/Versions/A/AudioToolbox
0x000000000d5d2000 	/System/Library/Frameworks/AudioUnit.framework/Versions/A/AudioUnit
0x000000000d5d2000 	/System/Library/PrivateFrameworks/DataDetectorsCore.framework/Versions/A/DataDetectorsCore
0x000000000d5d2000 	/System/Library/PrivateFrameworks/DesktopServicesPriv.framework/Versions/A/DesktopServicesPriv
0x000000000d5d2000 	/System/Library/Frameworks/Carbon.framework/Versions/A/Frameworks/HIToolbox.framework/Versions/A/HIToolbox
0x000000000d5d2000 	/System/Library/Frameworks/QuartzCore.framework/Versions/A/QuartzCore
0x000000000d5d2000 	/System/Library/Frameworks/Carbon.framework/Versions/A/Frameworks/SpeechRecognition.framework/Versions/A/SpeechRecognition
0x000000000d5d2000 	/usr/lib/libauto.dylib
0x000000000d5d2000 	/usr/lib/libicucore.A.dylib
0x000000000d5d2000 	/usr/lib/libxml2.2.dylib
0x000000000d5d2000 	/System/Library/PrivateFrameworks/CoreUI.framework/Versions/A/CoreUI
0x000000000d5d2000 	/System/Library/Frameworks/CoreAudio.framework/Versions/A/CoreAudio
0x000000000d5d2000 	/System/Library/Frameworks/DiskArbitration.framework/Versions/A/DiskArbitration
0x000000000d5d2000 	/usr/lib/liblangid.dylib
0x000000000d5d2000 	/System/Library/PrivateFrameworks/MultitouchSupport.framework/Versions/A/MultitouchSupport
0x000000000d5d2000 	/System/Library/Frameworks/IOKit.framework/Versions/A/IOKit
0x000000000d5d2000 	/usr/lib/libDiagnosticMessagesClient.dylib
0x000000000d5d2000 	/System/Library/Frameworks/CoreServices.framework/Versions/A/CoreServices
0x000000000d5d2000 	/System/Library/PrivateFrameworks/PerformanceAnalysis.framework/Versions/A/PerformanceAnalysis
0x000000000d5d2000 	/System/Library/PrivateFrameworks/GenerationalStorage.framework/Versions/A/GenerationalStorage
0x000000000d5d2000 	/System/Library/Frameworks/OpenGL.framework/Versions/A/OpenGL
0x000000000d5d2000 	/System/Library/PrivateFrameworks/Sharing.framework/Versions/A/Sharing
0x000000000d5d2000 	/System/Library/Frameworks/CoreGraphics.framework/Versions/A/CoreGraphics
0x000000000d5d2000 	/System/Library/Frameworks/CoreText.framework/Versions/A/CoreText
0x000000000d5d2000 	/System/Library/Frameworks/ImageIO.framework/Versions/A/ImageIO
0x000000000d5d2000 	/usr/lib/libextension.dylib
0x000000000d5d2000 	/System/Library/PrivateFrameworks/Backup.framework/Versions/A/Backup
0x000000000d5d2000 	/usr/lib/libarchive.2.dylib
0x000000000d5d2000 	/System/Library/Frameworks/CFNetwork.framework/Versions/A/CFNetwork
0x000000000d5d2000 	/System/Library/Frameworks/SystemConfiguration.framework/Versions/A/SystemConfiguration
0x000000000d5d2000 	/usr/lib/libCRFSuite.dylib
0x000000000d5d2000 	/usr/lib/libc++.1.dylib
0x000000000d5d2000 	/usr/lib/libc++abi.dylib
0x000000000d5d2000 	/usr/lib/system/libcache.dylib
0x000000000d5d2000 	/usr/lib/system/libcommonCrypto.dylib
0x000000000d5d2000 	/usr/lib/system/libcompiler_rt.dylib
0x000000000d5d2000 	/usr/lib/system/libcopyfile.dylib
0x000000000d5d2000 	/usr/lib/system/libcorecrypto.dylib
0x000000000d5d2000 	/usr/lib/system/libdispatch.dylib
0x000000000d5d2000 	/usr/lib/system/libdyld.dylib
0x000000000d5d2000 	/usr/lib/system/libkeymgr.dylib
0x000000000d5d2000 	/usr/lib/system/liblaunch.dylib
0x000000000d5d2000 	/usr/lib/system/libmacho.dylib
0x000000000d5d2000 	/usr/lib/system/libquarantine.dylib
0x000000000d5d2000 	/usr/lib/system/libremovefile.dylib
0x000000000d5d2000 	/usr/lib/system/libsystem_asl.dylib
0x000000000d5d2000 	/usr/lib/system/libsystem_blocks.dylib
0x000000000d5d2000 	/usr/lib/system/libsystem_c.dylib
0x000000000d5d2000 	/usr/lib/system/libsystem_configuration.dylib
0x000000000d5d2000 	/usr/lib/system/libsystem_coreservices.dylib
0x000000000d5d2000 	/usr/lib/system/libsystem_coretls.dylib
0x000000000d5d2000 	/usr/lib/system/libsystem_dnssd.dylib
0x000000000d5d2000 	/usr/lib/system/libsystem_info.dylib
0x000000000d5d2000 	/usr/lib/system/libsystem_kernel.dylib
0x000000000d5d2000 	/usr/lib/system/libsystem_m.dylib
0x000000000d5d2000 	/usr/lib/system/libsystem_malloc.dylib
0x000000000d5d2000 	/usr/lib/system/libsystem_network.dylib
0x000000000d5d2000 	/usr/lib/system/libsystem_networkextension.dylib
0x000000000d5d2000 	/usr/lib/system/libsystem_notify.dylib
0x000000000d5d2000 	/usr/lib/system/libsystem_platform.dylib
0x000000000d5d2000 	/usr/lib/system/libsystem_pthread.dylib
0x000000000d5d2000 	/usr/lib/system/libsystem_sandbox.dylib
0x000000000d5d2000 	/usr/lib/system/libsystem_secinit.dylib
0x000000000d5d2000 	/usr/lib/system/libsystem_stats.dylib
0x000000000d5d2000 	/usr/lib/system/libsystem_trace.dylib
0x000000000d5d2000 	/usr/lib/system/libunc.dylib
0x000000000d5d2000 	/usr/lib/system/libunwind.dylib
0x000000000d5d2000 	/usr/lib/system/libxpc.dylib
0x000000000d5d2000 	/usr/lib/libbz2.1.0.dylib
0x000000000d5d2000 	/usr/lib/liblzma.5.dylib
0x000000000d5d2000 	/usr/lib/libbsm.0.dylib
0x000000000d5d2000 	/usr/lib/libsqlite3.dylib
0x000000000d5d2000 	/usr/lib/system/libkxld.dylib
0x000000000d5d2000 	/usr/lib/libxar.1.dylib
0x000000000d5d2000 	/usr/lib/libpam.2.dylib
0x000000000d5d2000 	/usr/lib/libOpenScriptingUtil.dylib
0x000000000d5d2000 	/System/Library/Frameworks/CoreServices.framework/Versions/A/Frameworks/FSEvents.framework/Versions/A/FSEvents
0x000000000d5d2000 	/System/Library/Frameworks/CoreServices.framework/Versions/A/Frameworks/CarbonCore.framework/Versions/A/CarbonCore
0x000000000d5d2000 	/System/Library/Frameworks/CoreServices.framework/Versions/A/Frameworks/Metadata.framework/Versions/A/Metadata
0x000000000d5d2000 	/System/Library/Frameworks/CoreServices.framework/Versions/A/Frameworks/OSServices.framework/Versions/A/OSServices
0x000000000d5d2000 	/System/Library/Frameworks/CoreServices.framework/Versions/A/Frameworks/SearchKit.framework/Versions/A/SearchKit
0x000000000d5d2000 	/System/Library/Frameworks/CoreServices.framework/Versions/A/Frameworks/AE.framework/Versions/A/AE
0x000000000d5d2000 	/System/Library/Frameworks/CoreServices.framework/Versions/A/Frameworks/LaunchServices.framework/Versions/A/LaunchServices
0x000000000d5d2000 	/System/Library/Frameworks/CoreServices.framework/Versions/A/Frameworks/DictionaryServices.framework/Versions/A/DictionaryServices
0x000000000d5d2000 	/System/Library/Frameworks/NetFS.framework/Versions/A/NetFS
0x000000000d5d2000 	/System/Library/PrivateFrameworks/NetAuth.framework/Versions/A/NetAuth
0x000000000d5d2000 	/System/Library/PrivateFrameworks/login.framework/Versions/A/Frameworks/loginsupport.framework/Versions/A/loginsupport
0x000000000d5d2000 	/System/Library/PrivateFrameworks/TCC.framework/Versions/A/TCC
0x000000000d5d2000 	/usr/lib/libmecabra.dylib
0x000000000d5d2000 	/System/Library/Frameworks/ApplicationServices.framework/Versions/A/Frameworks/ATS.framework/Versions/A/ATS
0x000000000d5d2000 	/System/Library/Frameworks/ApplicationServices.framework/Versions/A/Frameworks/ColorSync.framework/Versions/A/ColorSync
0x000000000d5d2000 	/System/Library/Frameworks/ApplicationServices.framework/Versions/A/Frameworks/HIServices.framework/Versions/A/HIServices
0x000000000d5d2000 	/System/Library/Frameworks/ApplicationServices.framework/Versions/A/Frameworks/LangAnalysis.framework/Versions/A/LangAnalysis
0x000000000d5d2000 	/System/Library/Frameworks/ApplicationServices.framework/Versions/A/Frameworks/PrintCore.framework/Versions/A/PrintCore
0x000000000d5d2000 	/System/Library/Frameworks/ApplicationServices.framework/Versions/A/Frameworks/QD.framework/Versions/A/QD
0x000000000d5d2000 	/System/Library/Frameworks/ApplicationServices.framework/Versions/A/Frameworks/SpeechSynthesis.framework/Versions/A/SpeechSynthesis
0x000000000d5d2000 	/System/Library/Frameworks/Accelerate.framework/Versions/A/Accelerate
0x000000000d5d2000 	/System/Library/Frameworks/Accelerate.framework/Versions/A/Frameworks/vImage.framework/Versions/A/vImage
0x000000000d5d2000 	/System/Library/Frameworks/Accelerate.framework/Versions/A/Frameworks/vecLib.framework/Versions/A/vecLib
0x000000000d5d2000 	/System/Library/Frameworks/Accelerate.framework/Versions/A/Frameworks/vecLib.framework/Versions/A/libvDSP.dylib
0x000000000d5d2000 	/System/Library/Frameworks/Accelerate.framework/Versions/A/Frameworks/vecLib.framework/Versions/A/libvMisc.dylib
0x000000000d5d2000 	/System/Library/Frameworks/Accelerate.framework/Versions/A/Frameworks/vecLib.framework/Versions/A/libLAPACK.dylib
0x000000000d5d2000 	/System/Library/Frameworks/Accelerate.framework/Versions/A/Frameworks/vecLib.framework/Versions/A/libBLAS.dylib
0x000000000d5d2000 	/System/Library/Frameworks/Accelerate.framework/Versions/A/Frameworks/vecLib.framework/Versions/A/libLinearAlgebra.dylib
0x000000000d5d2000 	/System/Library/Frameworks/ApplicationServices.framework/Versions/A/Frameworks/ATS.framework/Versions/A/Resources/libFontParser.dylib
0x000000000d5d2000 	/System/Library/Frameworks/ApplicationServices.framework/Versions/A/Frameworks/ATS.framework/Versions/A/Resources/libFontRegistry.dylib
0x000000000d5d2000 	/System/Library/PrivateFrameworks/AppleVPA.framework/Versions/A/AppleVPA
0x000000000d5d2000 	/System/Library/PrivateFrameworks/AppleJPEG.framework/Versions/A/AppleJPEG
0x000000000d5d2000 	/System/Library/Frameworks/ImageIO.framework/Versions/A/Resources/libJPEG.dylib
0x000000000d5d2000 	/System/Library/Frameworks/ImageIO.framework/Versions/A/Resources/libTIFF.dylib
0x000000000d5d2000 	/System/Library/Frameworks/ImageIO.framework/Versions/A/Resources/libPng.dylib
0x000000000d5d2000 	/System/Library/Frameworks/ImageIO.framework/Versions/A/Resources/libGIF.dylib
0x000000000d5d2000 	/System/Library/Frameworks/ImageIO.framework/Versions/A/Resources/libJP2.dylib
0x000000000d5d2000 	/System/Library/Frameworks/ImageIO.framework/Versions/A/Resources/libRadiance.dylib
0x000000000d5d2000 	/System/Library/Frameworks/CoreVideo.framework/Versions/A/CoreVideo
0x000000000d5d2000 	/System/Library/Frameworks/OpenGL.framework/Versions/A/Libraries/libGLU.dylib
0x000000000d5d2000 	/System/Library/Frameworks/OpenGL.framework/Versions/A/Libraries/libGFXShared.dylib
0x000000000d5d2000 	/System/Library/Frameworks/OpenGL.framework/Versions/A/Libraries/libGL.dylib
0x000000000d5d2000 	/System/Library/Frameworks/OpenGL.framework/Versions/A/Libraries/libGLImage.dylib
0x000000000d5d2000 	/System/Library/Frameworks/OpenGL.framework/Versions/A/Libraries/libCVMSPluginSupport.dylib
0x000000000d5d2000 	/System/Library/Frameworks/OpenGL.framework/Versions/A/Libraries/libCoreVMClient.dylib
0x000000000d5d2000 	/usr/lib/libcups.2.dylib
0x000000000d5d2000 	/System/Library/Frameworks/Kerberos.framework/Versions/A/Kerberos
0x000000000d5d2000 	/System/Library/Frameworks/GSS.framework/Versions/A/GSS
0x000000000d5d2000 	/usr/lib/libresolv.9.dylib
0x000000000d5d2000 	/usr/lib/libiconv.2.dylib
0x000000000d5d2000 	/System/Library/PrivateFrameworks/Heimdal.framework/Versions/A/Heimdal
0x000000000d5d2000 	/usr/lib/libheimdal-asn1.dylib
0x000000000d5d2000 	/System/Library/Frameworks/OpenDirectory.framework/Versions/A/OpenDirectory
0x000000000d5d2000 	/System/Library/PrivateFrameworks/CommonAuth.framework/Versions/A/CommonAuth
0x000000000d5d2000 	/System/Library/Frameworks/OpenDirectory.framework/Versions/A/Frameworks/CFOpenDirectory.framework/Versions/A/CFOpenDirectory
0x000000000d5d2000 	/System/Library/Frameworks/SecurityFoundation.framework/Versions/A/SecurityFoundation
0x000000000d5d2000 	/System/Library/PrivateFrameworks/LanguageModeling.framework/Versions/A/LanguageModeling
0x000000000d5d2000 	/usr/lib/libcmph.dylib
0x000000000d5d2000 	/System/Library/Frameworks/ServiceManagement.framework/Versions/A/ServiceManagement
0x000000000d5d2000 	/usr/lib/libxslt.1.dylib
0x000000000d5d2000 	/System/Library/Frameworks/Carbon.framework/Versions/A/Frameworks/Ink.framework/Versions/A/Ink
0x000000000d5d2000 	/System/Library/Frameworks/QuartzCore.framework/Versions/A/Frameworks/CoreImage.framework/Versions/A/CoreImage
0x000000000d5d2000 	/System/Library/PrivateFrameworks/CrashReporterSupport.framework/Versions/A/CrashReporterSupport
0x000000000d5d2000 	/System/Library/Frameworks/OpenCL.framework/Versions/A/OpenCL
0x000000000d5d2000 	/System/Library/PrivateFrameworks/FaceCore.framework/Versions/A/FaceCore
0x000000000d5d2000 	/System/Library/PrivateFrameworks/Ubiquity.framework/Versions/A/Ubiquity
0x000000000d5d2000 	/System/Library/PrivateFrameworks/IconServices.framework/Versions/A/IconServices
0x000000000d5d2000 	/System/Library/PrivateFrameworks/ChunkingLibrary.framework/Versions/A/ChunkingLibrary
0x000000000d5d2000 	/System/Library/PrivateFrameworks/Apple80211.framework/Versions/A/Apple80211
0x000000000d5d2000 	/System/Library/Frameworks/CoreWLAN.framework/Versions/A/CoreWLAN
0x000000000d5d2000 	/System/Library/Frameworks/IOBluetooth.framework/Versions/A/IOBluetooth
0x000000000d5d2000 	/System/Library/PrivateFrameworks/CoreWiFi.framework/Versions/A/CoreWiFi
0x000000000d5d2000 	/System/Library/Frameworks/CoreBluetooth.framework/Versions/A/CoreBluetooth
0x000000000d5d2000 	/System/Library/PrivateFrameworks/DebugSymbols.framework/Versions/A/DebugSymbols
0x000000000d5d2000 	/System/Library/PrivateFrameworks/CoreSymbolication.framework/Versions/A/CoreSymbolication
0x000000000d5d2000 	/System/Library/PrivateFrameworks/Symbolication.framework/Versions/A/Symbolication
0x000000000d5d2000 	/System/Library/PrivateFrameworks/SpeechRecognitionCore.framework/Versions/A/SpeechRecognitionCore
0x00000001032f6000 	/Library/Java/JavaVirtualMachines/jdk1.8.0_40.jdk/Contents/Home/jre/lib/server/libjvm.dylib
0x000000000d5d2000 	/usr/lib/libstdc++.6.dylib
0x0000000104379000 	/Library/Java/JavaVirtualMachines/jdk1.8.0_40.jdk/Contents/Home/jre/lib/libverify.dylib
0x0000000104387000 	/Library/Java/JavaVirtualMachines/jdk1.8.0_40.jdk/Contents/Home/jre/lib/libjava.dylib
0x0000000104800000 	/Library/Java/JavaVirtualMachines/jdk1.8.0_40.jdk/Contents/Home/jre/lib/libjdwp.dylib
0x00000001043bd000 	/Library/Java/JavaVirtualMachines/jdk1.8.0_40.jdk/Contents/Home/jre/lib/libnpt.dylib
0x00000001043ca000 	/Library/Java/JavaVirtualMachines/jdk1.8.0_40.jdk/Contents/Home/jre/lib/libzip.dylib
0x00000001043e8000 	/System/Library/Frameworks/JavaVM.framework/Frameworks/JavaRuntimeSupport.framework/JavaRuntimeSupport
0x0000000117aff000 	/System/Library/Frameworks/JavaVM.framework/Versions/A/Frameworks/JavaNativeFoundation.framework/Versions/A/JavaNativeFoundation
0x0000000117b13000 	/System/Library/Frameworks/JavaVM.framework/Versions/A/JavaVM
0x000000000d5d2000 	/System/Library/Frameworks/Carbon.framework/Versions/A/Carbon
0x0000000117b1f000 	/System/Library/PrivateFrameworks/JavaLaunching.framework/Versions/A/JavaLaunching
0x000000000d5d2000 	/System/Library/Frameworks/Carbon.framework/Versions/A/Frameworks/CommonPanels.framework/Versions/A/CommonPanels
0x000000000d5d2000 	/System/Library/Frameworks/Carbon.framework/Versions/A/Frameworks/Help.framework/Versions/A/Help
0x000000000d5d2000 	/System/Library/Frameworks/Carbon.framework/Versions/A/Frameworks/ImageCapture.framework/Versions/A/ImageCapture
0x000000000d5d2000 	/System/Library/Frameworks/Carbon.framework/Versions/A/Frameworks/OpenScripting.framework/Versions/A/OpenScripting
0x000000000d5d2000 	/System/Library/Frameworks/Carbon.framework/Versions/A/Frameworks/Print.framework/Versions/A/Print
0x000000000d5d2000 	/System/Library/Frameworks/Carbon.framework/Versions/A/Frameworks/SecurityHI.framework/Versions/A/SecurityHI
0x0000000119484000 	/Library/Java/JavaVirtualMachines/jdk1.8.0_40.jdk/Contents/Home/jre/lib/libdt_socket.dylib
0x0000000119d3b000 	/Library/Java/JavaVirtualMachines/jdk1.8.0_40.jdk/Contents/Home/jre/lib/libprism_es2.dylib
0x000000000d5d2000 	/System/Library/Frameworks/OpenGL.framework/Versions/A/Resources/GLEngine.bundle/GLEngine
0x000000000d5d2000 	/System/Library/Frameworks/OpenGL.framework/Versions/A/Libraries/libGLProgrammability.dylib
0x0000000000000000 	/System/Library/Extensions/GeForceTeslaGLDriver.bundle/Contents/MacOS/GeForceTeslaGLDriver
0x0000000119dbd000 	/System/Library/Extensions/GeForceTeslaGLDriver.bundle/Contents/MacOS/libclh.dylib
0x000000011a604000 	/System/Library/PrivateFrameworks/GPUSupport.framework/Versions/A/Libraries/libGPUSupport.dylib
0x000000000d5d2000 	/System/Library/Frameworks/OpenGL.framework/Versions/A/Resources/GLRendererFloat.bundle/GLRendererFloat
0x000000000d5d2000 	/System/Library/Frameworks/OpenCL.framework/Versions/A/Libraries/libcldcpuengine.dylib
0x000000000d5d2000 	/System/Library/PrivateFrameworks/DiskImages.framework/Versions/A/DiskImages
0x000000000d5d2000 	/System/Library/Frameworks/DiscRecording.framework/Versions/A/DiscRecording
0x000000000d5d2000 	/usr/lib/libcsfde.dylib
0x000000000d5d2000 	/usr/lib/libcurl.4.dylib
0x000000000d5d2000 	/System/Library/PrivateFrameworks/MediaKit.framework/Versions/A/MediaKit
0x000000000d5d2000 	/System/Library/PrivateFrameworks/ProtectedCloudStorage.framework/Versions/A/ProtectedCloudStorage
0x000000000d5d2000 	/usr/lib/libCoreStorage.dylib
0x000000000d5d2000 	/System/Library/PrivateFrameworks/EFILogin.framework/Versions/A/EFILogin
0x000000000d5d2000 	/usr/lib/libutil.dylib
0x000000000d5d2000 	/System/Library/PrivateFrameworks/FindMyDevice.framework/Versions/A/FindMyDevice
0x000000000d5d2000 	/System/Library/Frameworks/LDAP.framework/Versions/A/LDAP
0x000000000d5d2000 	/usr/lib/libsasl2.2.dylib
0x000000000d5d2000 	/System/Library/PrivateFrameworks/CoreDaemon.framework/Versions/B/CoreDaemon
0x000000000d5d2000 	/usr/lib/libcrypto.0.9.8.dylib
0x000000000d5d2000 	/System/Library/PrivateFrameworks/AppleSRP.framework/Versions/A/AppleSRP
0x000000000d5d2000 	/System/Library/PrivateFrameworks/TrustEvaluationAgent.framework/Versions/A/TrustEvaluationAgent
0x000000011a754000 	/Library/Java/JavaVirtualMachines/jdk1.8.0_40.jdk/Contents/Home/jre/lib/libglass.dylib
0x000000000d5d2000 	/System/Library/PrivateFrameworks/CoreServicesInternal.framework/Versions/A/CoreServicesInternal
0x000000000d5d2000 	/System/Library/PrivateFrameworks/CloudDocs.framework/Versions/A/CloudDocs
0x000000000d5d2000 	/System/Library/PrivateFrameworks/CoreDuet.framework/Versions/A/CoreDuet
0x000000000d5d2000 	/System/Library/Frameworks/CloudKit.framework/Versions/A/CloudKit
0x000000000d5d2000 	/System/Library/PrivateFrameworks/ProtocolBuffer.framework/Versions/A/ProtocolBuffer
0x000000000d5d2000 	/System/Library/PrivateFrameworks/CoreDuetDaemonProtocol.framework/Versions/A/CoreDuetDaemonProtocol
0x000000000d5d2000 	/System/Library/PrivateFrameworks/CoreDuetDebugLogging.framework/Versions/A/CoreDuetDebugLogging
0x000000000d5d2000 	/System/Library/PrivateFrameworks/MMCS.framework/Versions/A/MMCS
0x000000000d5d2000 	/System/Library/Frameworks/CoreLocation.framework/Versions/A/CoreLocation
0x000000000d5d2000 	/System/Library/PrivateFrameworks/GeoServices.framework/Versions/A/GeoServices
0x000000000d5d2000 	/System/Library/Frameworks/CoreGraphics.framework/Versions/A/Resources/libCGCMS.A.dylib
0x000000000d5d2000 	/System/Library/CoreServices/RawCamera.bundle/Contents/MacOS/RawCamera
0x000000000d5d2000 	/System/Library/Frameworks/CoreGraphics.framework/Versions/A/Resources/libRIP.A.dylib
0x000000000d5d2000 	/System/Library/PrivateFrameworks/FamilyControls.framework/Versions/A/FamilyControls
0x000000000d5d2000 	/System/Library/PrivateFrameworks/CommerceKit.framework/Versions/A/Frameworks/CommerceCore.framework/Versions/A/CommerceCore
0x000000000d5d2000 	/System/Library/PrivateFrameworks/SystemAdministration.framework/Versions/A/SystemAdministration
0x000000000d5d2000 	/System/Library/PrivateFrameworks/AppContainer.framework/Versions/A/AppContainer
0x000000000d5d2000 	/System/Library/PrivateFrameworks/SecCodeWrapper.framework/Versions/A/SecCodeWrapper
0x000000000d5d2000 	/System/Library/Frameworks/DirectoryService.framework/Versions/A/DirectoryService
0x000000000d5d2000 	/System/Library/PrivateFrameworks/LoginUIKit.framework/Versions/A/Frameworks/LoginUICore.framework/Versions/A/LoginUICore
0x000000000d5d2000 	/usr/lib/libodfde.dylib
0x000000011d747000 	/Library/Java/JavaVirtualMachines/jdk1.8.0_40.jdk/Contents/Home/jre/lib/libnet.dylib
0x000000000d5d2000 	/System/Library/Frameworks/CoreGraphics.framework/Versions/A/Resources/libCGXType.A.dylib
0x000000011f249000 	/Library/Java/JavaVirtualMachines/jdk1.8.0_40.jdk/Contents/Home/jre/lib/libosx.dylib
0x000000011f257000 	/Library/Java/JavaVirtualMachines/jdk1.8.0_40.jdk/Contents/Home/jre/lib/./libosxapp.dylib
0x000000000d5d2000 	/System/Library/Frameworks/ExceptionHandling.framework/Versions/A/ExceptionHandling
0x000000011f591000 	cl_kernels
0x000000011f593000 	/System/Library/Frameworks/OpenCL.framework/Versions/A/Libraries/ImageFormats/unorm8_bgra.dylib
0x000000011f6bb000 	/Library/Java/JavaVirtualMachines/jdk1.8.0_40.jdk/Contents/Home/jre/lib/libsunec.dylib
0x000000011f582000 	cl_kernels
0x000000011c085000 	/Library/Java/JavaVirtualMachines/jdk1.8.0_40.jdk/Contents/Home/jre/lib/libjavafx_font.dylib
0x000000011c0c2000 	/Library/Java/JavaVirtualMachines/jdk1.8.0_40.jdk/Contents/Home/jre/lib/libprism_common.dylib
0x000000011a620000 	/Library/Java/JavaVirtualMachines/jdk1.8.0_40.jdk/Contents/Home/jre/lib/libnio.dylib
0x0000000128239000 	/Library/Java/JavaVirtualMachines/jdk1.8.0_40.jdk/Contents/Home/jre/lib/libjfxwebkit.dylib
0x000000012043e000 	/Library/Java/JavaVirtualMachines/jdk1.8.0_40.jdk/Contents/Home/jre/lib/libjavafx_iio.dylib

VM Arguments:
jvm_args: -agentlib:jdwp=transport=dt_socket,suspend=y,address=localhost:61194 -Dfile.encoding=UTF-8 
java_command: net.anfoya.mail.browser.javafx.entrypoint.MailBrowserApp
java_class_path (initial): /Users/fantigny/git/java/mail-browser-core/target/classes:/Users/fantigny/git/java/anfoya-tools/target/classes:/Users/fantigny/.m2/repository/org/slf4j/slf4j-api/1.7.10/slf4j-api-1.7.10.jar:/Users/fantigny/.m2/repository/com/google/code/gson/gson/1.7.1/gson-1.7.1.jar:/Users/fantigny/.m2/repository/jcifs/jcifs/1.3.17/jcifs-1.3.17.jar:/Users/fantigny/.m2/repository/javax/servlet/servlet-api/2.4/servlet-api-2.4.jar:/Users/fantigny/git/java/anfoya-javafx/target/classes:/Users/fantigny/git/java/mail-service/target/classes:/Users/fantigny/git/java/anfoya-tag/target/classes:/Users/fantigny/.m2/repository/javax/mail/javax.mail-api/1.5.1/javax.mail-api-1.5.1.jar:/Users/fantigny/.m2/repository/javax/activation/activation/1.1/activation-1.1.jar:/Users/fantigny/git/java/mail-service-impl/target/classes:/Users/fantigny/.m2/repository/com/google/gdata/core/1.47.1/core-1.47.1.jar:/Users/fantigny/.m2/repository/com/google/guava/guava/13.0.1/guava-13.0.1.jar:/Users/fantigny/.m2/repository/com/google/oauth-client/google-oauth-client-jetty/1.11.0-beta/google-oauth-client-jetty-1.11.0-beta.jar:/Users/fantigny/.m2/repository/com/google/oauth-client/google-oauth-client-java6/1.11.0-beta/google-oauth-client-java6-1.11.0-beta.jar:/Users/fantigny/.m2/repository/org/mortbay/jetty/jetty/6.1.26/jetty-6.1.26.jar:/Users/fantigny/.m2/repository/org/mortbay/jetty/jetty-util/6.1.26/jetty-util-6.1.26.jar:/Users/fantigny/.m2/repository/org/mortbay/jetty/servlet-api/2.5-20081211/servlet-api-2.5-20081211.jar:/Users/fantigny/.m2/repository/com/google/code/findbugs/jsr305/1.3.7/jsr305-1.3.7.jar:/Users/fantigny/.m2/repository/javax/mail/mail/1.4/mail-1.4.jar:/Users/fantigny/.m2/repository/com/sun/mail/javax.mail/1.5.1/javax.mail-1.5.1.jar:/Users/fantigny/.m2/repository/com/google/apis/google-api-services-gmail/v1-rev28-1.20.0/google-api-services-gmail-v1-rev28-1.20.0.jar:/Users/fantigny/.m2/repository/com/google/api-client/google-api-client/1.20.0/google-api-client-1.20.0.jar:
Launcher Type: SUN_STANDARD

Environment Variables:
PATH=/usr/bin:/bin:/usr/sbin:/sbin
SHELL=/bin/bash
DISPLAY=/private/tmp/com.apple.launchd.jVyuesOHJI/org.macosforge.xquartz:0

Signal Handlers:
SIGSEGV: [libjvm.dylib+0x58ef95], sa_mask[0]=11111111011111110111111111111111, sa_flags=SA_ONSTACK|SA_RESTART|SA_SIGINFO
SIGBUS: [libjvm.dylib+0x58ef95], sa_mask[0]=11111111011111110111111111111111, sa_flags=SA_RESTART|SA_SIGINFO
SIGFPE: [libjvm.dylib+0x46c118], sa_mask[0]=11111111011111110111111111111111, sa_flags=SA_RESTART|SA_SIGINFO
SIGPIPE: [libjvm.dylib+0x46c118], sa_mask[0]=11111111011111110111111111111111, sa_flags=SA_RESTART|SA_SIGINFO
SIGXFSZ: [libjvm.dylib+0x46c118], sa_mask[0]=11111111011111110111111111111111, sa_flags=SA_RESTART|SA_SIGINFO
SIGILL: [libjvm.dylib+0x46c118], sa_mask[0]=11111111011111110111111111111111, sa_flags=SA_RESTART|SA_SIGINFO
SIGUSR1: SIG_DFL, sa_mask[0]=00000000000000000000000000000000, sa_flags=none
SIGUSR2: [libjvm.dylib+0x46bc36], sa_mask[0]=00100000000000000000000000000000, sa_flags=SA_RESTART|SA_SIGINFO
SIGHUP: [libjvm.dylib+0x46a209], sa_mask[0]=11111111011111110111111111111111, sa_flags=SA_RESTART|SA_SIGINFO
SIGINT: [libjvm.dylib+0x46a209], sa_mask[0]=11111111011111110111111111111111, sa_flags=SA_RESTART|SA_SIGINFO
SIGTERM: [libjvm.dylib+0x46a209], sa_mask[0]=11111111011111110111111111111111, sa_flags=SA_RESTART|SA_SIGINFO
SIGQUIT: [libjvm.dylib+0x46a209], sa_mask[0]=11111111011111110111111111111111, sa_flags=SA_RESTART|SA_SIGINFO


---------------  S Y S T E M  ---------------

OS:Bsduname:Darwin 14.3.0 Darwin Kernel Version 14.3.0: Mon Mar 23 11:59:05 PDT 2015; root:xnu-2782.20.48~5/RELEASE_X86_64 x86_64
rlimit: STACK 8192k, CORE 0k, NPROC 709, NOFILE 10240, AS infinity
load average:6.03 7.53 6.20

CPU:total 2 (2 cores per cpu, 1 threads per core) family 6 model 23 stepping 10, cmov, cx8, fxsr, mmx, sse, sse2, sse3, ssse3, sse4.1, tsc

Memory: 4k page, physical 4194304k(16200k free)

/proc/meminfo:


vm_info: Java HotSpot(TM) 64-Bit Server VM (25.40-b25) for bsd-amd64 JRE (1.8.0_40-b27), built on Mar 13 2015 04:46:52 by "java_re" with gcc 4.2.1 (Based on Apple Inc. build 5658) (LLVM build 2336.11.00)

time: Thu Jun 18 16:48:03 2015
elapsed time: 291 seconds (0d 0h 4m 51s)

